::1 administrative 2 "2015-03-24 00:24:02" http://localhost/ojs-2.4.5/index.php/wimba/issue/view/2 200 "Mozilla/5.0 (Windows NT 6.3; rv:36.0) Gecko/20100101 Firefox/36.0"
::1 - - "2015-03-24 02:54:34" http://localhost/ojs-2.4.5/index.php/wimba/index 200 "Mozilla/5.0 (Windows NT 6.3; rv:36.0) Gecko/20100101 Firefox/36.0"
::1 administrative 1 "2015-03-24 04:19:23" http://localhost/ojs-2.4.5/index.php/wimba/issue/view/2 200 "Mozilla/5.0 (Windows NT 6.3; rv:36.0) Gecko/20100101 Firefox/36.0"
::1 administrative 1 "2015-03-24 05:26:41" http://localhost/ojs-2.4.5/index.php/wimba/index 200 "Mozilla/5.0 (Windows NT 6.3; rv:36.0) Gecko/20100101 Firefox/36.0"
::1 administrative 1 "2015-03-24 05:39:44" http://localhost/ojs-2.4.5/index.php/wimba/index 200 "Mozilla/5.0 (Windows NT 6.3; rv:36.0) Gecko/20100101 Firefox/36.0"
::1 administrative 1 "2015-03-24 05:42:11" http://localhost/ojs-2.4.5/index.php/wimba/index 200 "Mozilla/5.0 (Windows NT 6.3; rv:36.0) Gecko/20100101 Firefox/36.0"
::1 administrative 1 "2015-03-24 05:42:26" http://localhost/ojs-2.4.5/index.php/wimba/index 200 "Mozilla/5.0 (Windows NT 6.3; rv:36.0) Gecko/20100101 Firefox/36.0"
::1 administrative 1 "2015-03-24 05:43:14" http://localhost/ojs-2.4.5/index.php/wimba/index 200 "Mozilla/5.0 (Windows NT 6.3; rv:36.0) Gecko/20100101 Firefox/36.0"
::1 administrative 1 "2015-03-24 05:44:57" http://localhost/ojs-2.4.5/index.php/wimba/index 200 "Mozilla/5.0 (Windows NT 6.3; rv:36.0) Gecko/20100101 Firefox/36.0"
::1 administrative 1 "2015-03-24 05:46:03" http://localhost/ojs-2.4.5/index.php/wimba/index 200 "Mozilla/5.0 (Windows NT 6.3; rv:36.0) Gecko/20100101 Firefox/36.0"
::1 administrative 1 "2015-03-24 05:46:32" http://localhost/ojs-2.4.5/index.php/wimba/index 200 "Mozilla/5.0 (Windows NT 6.3; rv:36.0) Gecko/20100101 Firefox/36.0"
::1 administrative 1 "2015-03-24 05:47:17" http://localhost/ojs-2.4.5/index.php/wimba/index 200 "Mozilla/5.0 (Windows NT 6.3; rv:36.0) Gecko/20100101 Firefox/36.0"
::1 administrative 1 "2015-03-24 05:47:32" http://localhost/ojs-2.4.5/index.php/wimba/index 200 "Mozilla/5.0 (Windows NT 6.3; rv:36.0) Gecko/20100101 Firefox/36.0"
::1 administrative 1 "2015-03-24 05:47:56" http://localhost/ojs-2.4.5/index.php/wimba/index 200 "Mozilla/5.0 (Windows NT 6.3; rv:36.0) Gecko/20100101 Firefox/36.0"
::1 administrative 1 "2015-03-24 05:48:35" http://localhost/ojs-2.4.5/index.php/wimba/index 200 "Mozilla/5.0 (Windows NT 6.3; rv:36.0) Gecko/20100101 Firefox/36.0"
::1 administrative 1 "2015-03-24 05:59:53" http://localhost/ojs-2.4.5/index.php/wimba/index 200 "Mozilla/5.0 (Windows NT 6.3; rv:36.0) Gecko/20100101 Firefox/36.0"
::1 administrative 1 "2015-03-24 06:02:33" http://localhost/ojs-2.4.5/index.php/wimba/index 200 "Mozilla/5.0 (Windows NT 6.3; rv:36.0) Gecko/20100101 Firefox/36.0"
::1 administrative 1 "2015-03-24 06:05:37" http://localhost/ojs-2.4.5/index.php/wimba/index 200 "Mozilla/5.0 (Windows NT 6.3; rv:36.0) Gecko/20100101 Firefox/36.0"
::1 administrative 1 "2015-03-24 06:07:41" http://localhost/ojs-2.4.5/index.php/wimba/issue/view/2 200 "Mozilla/5.0 (Windows NT 6.3; rv:36.0) Gecko/20100101 Firefox/36.0"
::1 administrative 1 "2015-03-24 06:07:52" http://localhost/ojs-2.4.5/index.php/wimba/issue/view/2 200 "Mozilla/5.0 (Windows NT 6.3; rv:36.0) Gecko/20100101 Firefox/36.0"
::1 - - "2015-03-24 07:13:07" http://localhost/ojs-2.4.5/index.php/wimba/index 200 "Mozilla/5.0 (Windows NT 6.3; rv:36.0) Gecko/20100101 Firefox/36.0"
::1 administrative 1 "2015-03-24 07:13:16" http://localhost/ojs-2.4.5/index.php/wimba/index 200 "Mozilla/5.0 (Windows NT 6.3; rv:36.0) Gecko/20100101 Firefox/36.0"
::1 - - "2015-03-24 07:22:59" http://localhost/ojs-2.4.5/index.php/wimba/index 200 "Mozilla/5.0 (Windows NT 6.3; rv:36.0) Gecko/20100101 Firefox/36.0"
::1 administrative 2 "2015-03-24 07:32:36" http://localhost/ojs-2.4.5/index.php/wimba/issue/view/2 200 "Mozilla/5.0 (Windows NT 6.3; rv:36.0) Gecko/20100101 Firefox/36.0"
::1 administrative 2 "2015-03-24 07:32:42" http://localhost/ojs-2.4.5/index.php/wimba/issue/view/2 200 "Mozilla/5.0 (Windows NT 6.3; rv:36.0) Gecko/20100101 Firefox/36.0"
::1 administrative 2 "2015-03-24 07:32:58" http://localhost/ojs-2.4.5/index.php/wimba/article/download/27/3 200 "Mozilla/5.0 (Windows NT 6.3; rv:36.0) Gecko/20100101 Firefox/36.0"
::1 - - "2015-03-24 07:39:01" http://localhost/ojs-2.4.5/index.php/wimba/index 200 "Mozilla/5.0 (Windows NT 6.3; rv:36.0) Gecko/20100101 Firefox/36.0"
::1 - - "2015-03-24 07:42:29" http://localhost/ojs-2.4.5/index.php/wimba/issue/view/2 200 "Mozilla/5.0 (Windows NT 6.3; rv:36.0) Gecko/20100101 Firefox/36.0"
::1 administrative 1 "2015-03-24 07:53:14" http://localhost/ojs-2.4.5/index.php/wimba/index 200 "Mozilla/5.0 (Windows NT 6.3; rv:36.0) Gecko/20100101 Firefox/36.0"
::1 - - "2015-03-24 07:57:10" http://localhost/ojs-2.4.5/index.php/wimba/index 200 "Mozilla/5.0 (Windows NT 6.3; rv:36.0) Gecko/20100101 Firefox/36.0"
::1 - - "2015-03-24 07:58:25" http://localhost/ojs-2.4.5/index.php/wimba/index 200 "Mozilla/5.0 (Windows NT 6.3; rv:36.0) Gecko/20100101 Firefox/36.0"
::1 - - "2015-03-24 07:59:13" http://localhost/ojs-2.4.5/index.php/wimba/index 200 "Mozilla/5.0 (Windows NT 6.3; rv:36.0) Gecko/20100101 Firefox/36.0"
::1 - - "2015-03-24 10:02:50" http://localhost/ojs-2.4.5/index.php/wimba/index 200 "Mozilla/5.0 (Windows NT 6.3; rv:36.0) Gecko/20100101 Firefox/36.0"
