::1 administrative 2 "2015-04-28 06:22:02" http://localhost/ojs-2.4.5/index.php/wimba/index 200 "Mozilla/5.0 (Windows NT 6.3; rv:37.0) Gecko/20100101 Firefox/37.0"
::1 administrative 2 "2015-04-28 11:44:48" http://localhost/ojs-2.4.5/index.php/wimba/issue/view/10 200 "Mozilla/5.0 (Windows NT 6.3; rv:37.0) Gecko/20100101 Firefox/37.0"
::1 - - "2015-04-28 12:35:37" http://localhost/ojs-2.4.5/index.php/wimba/index 200 "Mozilla/5.0 (Windows NT 6.3; rv:37.0) Gecko/20100101 Firefox/37.0"
::1 administrative 2 "2015-04-28 12:39:09" http://localhost/ojs-2.4.5/index.php/wimba/index 200 "Mozilla/5.0 (Windows NT 6.3; rv:37.0) Gecko/20100101 Firefox/37.0"
::1 administrative 2 "2015-04-28 16:38:29" http://localhost/ojs-2.4.5/index.php/wimba/index 200 "Mozilla/5.0 (Windows NT 6.3; rv:37.0) Gecko/20100101 Firefox/37.0"
::1 administrative 2 "2015-04-28 16:38:54" http://localhost/ojs-2.4.5/index.php/wimba/issue/view/12 200 "Mozilla/5.0 (Windows NT 6.3; rv:37.0) Gecko/20100101 Firefox/37.0"
::1 administrative 2 "2015-04-28 16:39:20" http://localhost/ojs-2.4.5/index.php/wimba/issue/view/11 200 "Mozilla/5.0 (Windows NT 6.3; rv:37.0) Gecko/20100101 Firefox/37.0"
::1 administrative 2 "2015-04-28 16:40:04" http://localhost/ojs-2.4.5/index.php/wimba/issue/view/9 200 "Mozilla/5.0 (Windows NT 6.3; rv:37.0) Gecko/20100101 Firefox/37.0"
::1 administrative 2 "2015-04-28 16:40:38" http://localhost/ojs-2.4.5/index.php/wimba/issue/view/9 200 "Mozilla/5.0 (Windows NT 6.3; rv:37.0) Gecko/20100101 Firefox/37.0"
::1 administrative 2 "2015-04-28 16:46:24" http://localhost/ojs-2.4.5/index.php/wimba/issue/view/8 200 "Mozilla/5.0 (Windows NT 6.3; rv:37.0) Gecko/20100101 Firefox/37.0"
::1 administrative 2 "2015-04-28 16:53:24" http://localhost/ojs-2.4.5/index.php/wimba/issue/view/10 200 "Mozilla/5.0 (Windows NT 6.3; rv:37.0) Gecko/20100101 Firefox/37.0"
::1 administrative 2 "2015-04-28 16:55:06" http://localhost/ojs-2.4.5/index.php/wimba/issue/view/7 200 "Mozilla/5.0 (Windows NT 6.3; rv:37.0) Gecko/20100101 Firefox/37.0"
::1 administrative 2 "2015-04-28 16:57:01" http://localhost/ojs-2.4.5/index.php/wimba/issue/view/6 200 "Mozilla/5.0 (Windows NT 6.3; rv:37.0) Gecko/20100101 Firefox/37.0"
::1 administrative 2 "2015-04-28 17:01:14" http://localhost/ojs-2.4.5/index.php/wimba/issue/view/5 200 "Mozilla/5.0 (Windows NT 6.3; rv:37.0) Gecko/20100101 Firefox/37.0"
::1 administrative 2 "2015-04-28 17:10:08" http://localhost/ojs-2.4.5/index.php/wimba/issue/view/4 200 "Mozilla/5.0 (Windows NT 6.3; rv:37.0) Gecko/20100101 Firefox/37.0"
::1 administrative 2 "2015-04-28 17:18:32" http://localhost/ojs-2.4.5/index.php/wimba/issue/view/3 200 "Mozilla/5.0 (Windows NT 6.3; rv:37.0) Gecko/20100101 Firefox/37.0"
::1 administrative 2 "2015-04-28 17:19:07" http://localhost/ojs-2.4.5/index.php/wimba/article/download/37/12 200 "Mozilla/5.0 (Windows NT 6.3; rv:37.0) Gecko/20100101 Firefox/37.0"
::1 administrative 2 "2015-04-28 17:19:20" http://localhost/ojs-2.4.5/index.php/wimba/issue/view/3 200 "Mozilla/5.0 (Windows NT 6.3; rv:37.0) Gecko/20100101 Firefox/37.0"
::1 administrative 2 "2015-04-28 17:20:55" http://localhost/ojs-2.4.5/index.php/wimba/issue/view/2 200 "Mozilla/5.0 (Windows NT 6.3; rv:37.0) Gecko/20100101 Firefox/37.0"
::1 administrative 2 "2015-04-28 17:21:04" http://localhost/ojs-2.4.5/index.php/wimba/article/view/31 200 "Mozilla/5.0 (Windows NT 6.3; rv:37.0) Gecko/20100101 Firefox/37.0"
::1 administrative 2 "2015-04-28 17:21:12" http://localhost/ojs-2.4.5/index.php/wimba/issue/view/2 200 "Mozilla/5.0 (Windows NT 6.3; rv:37.0) Gecko/20100101 Firefox/37.0"
::1 administrative 2 "2015-04-28 17:21:36" http://localhost/ojs-2.4.5/index.php/wimba/article/download/31/6 200 "Mozilla/5.0 (Windows NT 6.3; rv:37.0) Gecko/20100101 Firefox/37.0"
::1 administrative 2 "2015-04-28 17:21:46" http://localhost/ojs-2.4.5/index.php/wimba/issue/view/2 200 "Mozilla/5.0 (Windows NT 6.3; rv:37.0) Gecko/20100101 Firefox/37.0"
::1 administrative 2 "2015-04-28 17:40:57" http://localhost/ojs-2.4.5/index.php/wimba/index 200 "Mozilla/5.0 (Windows NT 6.3; rv:37.0) Gecko/20100101 Firefox/37.0"
::1 administrative 2 "2015-04-28 18:01:47" http://localhost/ojs-2.4.5/index.php/wimba/index 200 "Mozilla/5.0 (Windows NT 6.3; rv:37.0) Gecko/20100101 Firefox/37.0"
