::1 administrative 2 "2015-03-23 08:43:55" http://localhost/ojs-2.4.5/index.php/wimba/index 200 "Mozilla/5.0 (Windows NT 6.3; rv:36.0) Gecko/20100101 Firefox/36.0"
::1 administrative 2 "2015-03-23 08:45:02" http://localhost/ojs-2.4.5/index.php/wimba/index 200 "Mozilla/5.0 (Windows NT 6.3; rv:36.0) Gecko/20100101 Firefox/36.0"
::1 administrative 2 "2015-03-23 08:45:43" http://localhost/ojs-2.4.5/index.php/wimba/index 200 "Mozilla/5.0 (Windows NT 6.3; rv:36.0) Gecko/20100101 Firefox/36.0"
::1 - - "2015-03-23 12:17:49" http://localhost/ojs-2.4.5/index.php/wimba/index 200 "Mozilla/5.0 (Windows NT 6.3; rv:36.0) Gecko/20100101 Firefox/36.0"
::1 administrative 1 "2015-03-23 13:22:06" http://localhost/ojs-2.4.5/index.php/wimba/issue/view/2 200 "Mozilla/5.0 (Windows NT 6.3; rv:36.0) Gecko/20100101 Firefox/36.0"
::1 administrative 1 "2015-03-23 13:22:14" http://localhost/ojs-2.4.5/index.php/wimba/issue/view/2 200 "Mozilla/5.0 (Windows NT 6.3; rv:36.0) Gecko/20100101 Firefox/36.0"
::1 administrative 1 "2015-03-23 13:22:18" http://localhost/ojs-2.4.5/index.php/wimba/article/view/8 200 "Mozilla/5.0 (Windows NT 6.3; rv:36.0) Gecko/20100101 Firefox/36.0"
::1 administrative 1 "2015-03-23 13:22:20" http://localhost/ojs-2.4.5/index.php/wimba/issue/view/2 200 "Mozilla/5.0 (Windows NT 6.3; rv:36.0) Gecko/20100101 Firefox/36.0"
::1 administrative 1 "2015-03-23 13:22:26" http://localhost/ojs-2.4.5/index.php/wimba/article/download/8/1 200 "Mozilla/5.0 (Windows NT 6.3; rv:36.0) Gecko/20100101 Firefox/36.0"
::1 administrative 2 "2015-03-23 16:25:34" http://localhost/ojs-2.4.5/index.php/wimba/issue/view/2 200 "Mozilla/5.0 (Windows NT 6.3; rv:36.0) Gecko/20100101 Firefox/36.0"
::1 administrative 2 "2015-03-23 16:25:41" http://localhost/ojs-2.4.5/index.php/wimba/issue/view/2 200 "Mozilla/5.0 (Windows NT 6.3; rv:36.0) Gecko/20100101 Firefox/36.0"
::1 administrative 2 "2015-03-23 16:25:49" http://localhost/ojs-2.4.5/index.php/wimba/article/view/20 200 "Mozilla/5.0 (Windows NT 6.3; rv:36.0) Gecko/20100101 Firefox/36.0"
::1 administrative 2 "2015-03-23 16:25:59" http://localhost/ojs-2.4.5/index.php/wimba/issue/view/2 200 "Mozilla/5.0 (Windows NT 6.3; rv:36.0) Gecko/20100101 Firefox/36.0"
::1 administrative 2 "2015-03-23 16:26:12" http://localhost/ojs-2.4.5/index.php/wimba/issue/view/2 200 "Mozilla/5.0 (Windows NT 6.3; rv:36.0) Gecko/20100101 Firefox/36.0"
::1 administrative 2 "2015-03-23 16:27:18" http://localhost/ojs-2.4.5/index.php/wimba/issue/view/2 200 "Mozilla/5.0 (Windows NT 6.3; rv:36.0) Gecko/20100101 Firefox/36.0"
::1 administrative 2 "2015-03-23 16:27:24" http://localhost/ojs-2.4.5/index.php/wimba/issue/view/2 200 "Mozilla/5.0 (Windows NT 6.3; rv:36.0) Gecko/20100101 Firefox/36.0"
::1 administrative 2 "2015-03-23 16:27:32" http://localhost/ojs-2.4.5/index.php/wimba/issue/view/2 200 "Mozilla/5.0 (Windows NT 6.3; rv:36.0) Gecko/20100101 Firefox/36.0"
::1 administrative 2 "2015-03-23 16:28:17" http://localhost/ojs-2.4.5/index.php/wimba/issue/view/2 200 "Mozilla/5.0 (Windows NT 6.3; rv:36.0) Gecko/20100101 Firefox/36.0"
::1 administrative 2 "2015-03-23 16:28:24" http://localhost/ojs-2.4.5/index.php/wimba/issue/view/2 200 "Mozilla/5.0 (Windows NT 6.3; rv:36.0) Gecko/20100101 Firefox/36.0"
::1 administrative 2 "2015-03-23 16:28:34" http://localhost/ojs-2.4.5/index.php/wimba/article/download/20/2 200 "Mozilla/5.0 (Windows NT 6.3; rv:36.0) Gecko/20100101 Firefox/36.0"
::1 administrative 2 "2015-03-23 16:28:47" http://localhost/ojs-2.4.5/index.php/wimba/issue/view/2 200 "Mozilla/5.0 (Windows NT 6.3; rv:36.0) Gecko/20100101 Firefox/36.0"
